<?xml version="1.0" encoding="UTF-8"?>
<!-- Generated by org.testng.reporters.JUnitReportReporter -->
<testsuite hostname="AESPINOZAH-DH01" name="aveh.parallel.TestCase" tests="3" failures="0" timestamp="6 Jan 2014 15:04:04 GMT" time="16.734" errors="0">
  <testcase name="testSimple" time="6.317" classname="aveh.parallel.TestCase"/>
  <testcase name="testSimple" time="4.343" classname="aveh.parallel.TestCase"/>
  <testcase name="testSimple" time="6.074" classname="aveh.parallel.TestCase"/>
</testsuite> <!-- aveh.parallel.TestCase -->
